<?xml version="1.0" encoding="UTF-8"?>
<!-- Generated by org.testng.reporters.JUnitReportReporter -->
<testsuite hostname="VAIO" failures="0" tests="1" name="TestNG.TestClass" time="63.376" errors="0" timestamp="4 Jan 2019 02:22:50 GMT">
  <testcase classname="TestNG.TestClass" name="mainMethod" time="63.376"/>
</testsuite>
